*** Using Compiler 'V5.06 update 7 (build 960)', folder: 'D:\Keil\Keil_v5\ARM\ARMCC\Bin'
Build target 'hhh'
compiling APP_classic.c...
..\Application\APP_classic.c(5): warning:  #1035-D: single-precision operand implicitly converted to double-precision
          MOTOR_PID[0]->wheel_speed = (fp32)cout[0][10] * p * D / 4.0f / Redu_Ratio / Line_number;
..\Application\APP_classic.c(6): warning:  #1035-D: single-precision operand implicitly converted to double-precision
          MOTOR_PID[1]->wheel_speed = (fp32)cout[1][10] * p * D / 4.0f / Redu_Ratio / Line_number;
..\Application\APP_classic.c(7): warning:  #1035-D: single-precision operand implicitly converted to double-precision
          MOTOR_PID[2]->wheel_speed = (fp32)cout[2][10] * p * D / 4.0f / Redu_Ratio / Line_number;
..\Application\APP_classic.c(8): warning:  #1035-D: single-precision operand implicitly converted to double-precision
          MOTOR_PID[3]->wheel_speed = (fp32)cout[3][10] * p * D / 4.0f / Redu_Ratio / Line_number;
..\Application\APP_classic.c(9): error:  #154: expression must have struct or union type
          PID_calc(&MOTOR_PID[0], MOTOR_PID[0]->wheel_speed, PID_SET[0].set);
..\Application\APP_classic.c(9): error:  #167: argument of type "pids **" is incompatible with parameter of type "pids *"
          PID_calc(&MOTOR_PID[0], MOTOR_PID[0]->wheel_speed, PID_SET[0].set);
..\Application\APP_classic.c(10): error:  #154: expression must have struct or union type
          PID_calc(&MOTOR_PID[1], MOTOR_PID[1]->wheel_speed, PID_SET[1].set);
..\Application\APP_classic.c(10): error:  #167: argument of type "pids **" is incompatible with parameter of type "pids *"
          PID_calc(&MOTOR_PID[1], MOTOR_PID[1]->wheel_speed, PID_SET[1].set);
..\Application\APP_classic.c(11): error:  #154: expression must have struct or union type
          PID_calc(&MOTOR_PID[2], MOTOR_PID[2]->wheel_speed, PID_SET[2].set);
..\Application\APP_classic.c(11): error:  #167: argument of type "pids **" is incompatible with parameter of type "pids *"
          PID_calc(&MOTOR_PID[2], MOTOR_PID[2]->wheel_speed, PID_SET[2].set);
..\Application\APP_classic.c(12): error:  #154: expression must have struct or union type
          PID_calc(&MOTOR_PID[3], MOTOR_PID[3]->wheel_speed, PID_SET[3].set);
..\Application\APP_classic.c(12): error:  #167: argument of type "pids **" is incompatible with parameter of type "pids *"
          PID_calc(&MOTOR_PID[3], MOTOR_PID[3]->wheel_speed, PID_SET[3].set);
..\Application\APP_classic.c: 4 warnings, 8 errors
compiling math.c...
compiling callback.c...
..\CALLBACK\callback.c(66): warning:  #1035-D: single-precision operand implicitly converted to double-precision
          callback.PID[0].wheel_speed = (fp32)callback.cout[0][10] * p * D / 4.0f / Redu_Ratio / Line_number;
..\CALLBACK\callback.c(67): warning:  #1035-D: single-precision operand implicitly converted to double-precision
          callback.PID[1].wheel_speed = (fp32)callback.cout[1][10] * p * D / 4.0f / Redu_Ratio / Line_number;
..\CALLBACK\callback.c(68): warning:  #1035-D: single-precision operand implicitly converted to double-precision
          callback.PID[2].wheel_speed = (fp32)callback.cout[2][10] * p * D / 4.0f / Redu_Ratio / Line_number;
..\CALLBACK\callback.c(69): warning:  #1035-D: single-precision operand implicitly converted to double-precision
          callback.PID[3].wheel_speed = (fp32)callback.cout[3][10] * p * D / 4.0f / Redu_Ratio / Line_number;
..\CALLBACK\callback.c: 4 warnings, 0 errors
compiling main.c...
"hhh\hhh.axf" - 8 Error(s), 8 Warning(s).
Target not created.
Build Time Elapsed:  00:00:02
